#
# There is insufficient memory for the Java Runtime Environment to continue.
# Native memory allocation (mmap) failed to map 165675008 bytes for G1 virtual space
# Possible reasons:
#   The system is out of physical RAM or swap space
#   The process is running with CompressedOops enabled, and the Java Heap may be blocking the growth of the native heap
# Possible solutions:
#   Reduce memory load on the system
#   Increase physical memory or swap space
#   Check if swap backing store is full
#   Decrease Java heap size (-Xmx/-Xms)
#   Decrease number of Java threads
#   Decrease Java thread stack sizes (-Xss)
#   Set larger code cache with -XX:ReservedCodeCacheSize=
#   JVM is running with Unscaled Compressed Oops mode in which the Java heap is
#     placed in the first 4GB address space. The Java Heap base address is the
#     maximum limit for the native heap growth. Please use -XX:HeapBaseMinAddress
#     to set the Java Heap base and to place the Java Heap above 4GB virtual address.
# This output file may be truncated or incomplete.
#
#  Out of Memory Error (os_windows.cpp:3769), pid=14420, tid=468
#
# JRE version: OpenJDK Runtime Environment (17.0.6) (build 17.0.6+0-b2043.56-10027231)
# Java VM: OpenJDK 64-Bit Server VM (17.0.6+0-b2043.56-10027231, mixed mode, tiered, compressed oops, compressed class ptrs, g1 gc, windows-amd64)
# No core dump will be written. Minidumps are not enabled by default on client versions of Windows
#

---------------  S U M M A R Y ------------

Command Line: --add-opens=java.base/java.util=ALL-UNNAMED --add-opens=java.base/java.lang=ALL-UNNAMED --add-opens=java.base/java.lang.invoke=ALL-UNNAMED --add-opens=java.prefs/java.util.prefs=ALL-UNNAMED --add-opens=java.base/java.nio.charset=ALL-UNNAMED --add-opens=java.base/java.net=ALL-UNNAMED --add-opens=java.base/java.util.concurrent.atomic=ALL-UNNAMED -Xmx2048m -Dfile.encoding=UTF-8 -Duser.country=US -Duser.language=en -Duser.variant org.gradle.launcher.daemon.bootstrap.GradleDaemon 8.0

Host: AMD Athlon Silver 3050U with Radeon Graphics   , 2 cores, 3G,  Windows 10 , 64 bit Build 18362 (10.0.18362.1500)
Time: Thu Sep 14 21:50:39 2023 SE Asia Standard Time elapsed time: 96.400523 seconds (0d 0h 1m 36s)

---------------  T H R E A D  ---------------

Current thread (0x00000204ef2ce340):  VMThread "VM Thread" [stack: 0x00000068ced00000,0x00000068cee00000] [id=468]

Stack: [0x00000068ced00000,0x00000068cee00000]
Native frames: (J=compiled Java code, j=interpreted, Vv=VM code, C=native code)
V  [jvm.dll+0x683c9a]
V  [jvm.dll+0x8427a4]
V  [jvm.dll+0x843f9e]
V  [jvm.dll+0x844603]
V  [jvm.dll+0x249b75]
V  [jvm.dll+0x680b69]
V  [jvm.dll+0x67505a]
V  [jvm.dll+0x309acb]
V  [jvm.dll+0x310f86]
V  [jvm.dll+0x3608ee]
V  [jvm.dll+0x360b1f]
V  [jvm.dll+0x2dfbf8]
V  [jvm.dll+0x2ddec4]
V  [jvm.dll+0x2dd4cc]
V  [jvm.dll+0x321f3b]
V  [jvm.dll+0x848ccb]
V  [jvm.dll+0x849a04]
V  [jvm.dll+0x849f1d]
V  [jvm.dll+0x84a2f4]
V  [jvm.dll+0x84a3c0]
V  [jvm.dll+0x7f274a]
V  [jvm.dll+0x682ad5]
C  [ucrtbase.dll+0x210b2]
C  [KERNEL32.DLL+0x17c24]
C  [ntdll.dll+0x6d721]

VM_Operation (0x00000068d01f4ea0): G1CollectForAllocation, mode: safepoint, requested by thread 0x00000204f9e9fe30


---------------  P R O C E S S  ---------------

Threads class SMR info:
_java_thread_list=0x00000204fcaf5bf0, length=58, elements={
0x00000204ef20f740, 0x00000204f929e610, 0x00000204f92a0dc0, 0x00000204f928b230,
0x00000204f9c09080, 0x00000204f9c0b560, 0x00000204f9c0be20, 0x00000204f9c0e670,
0x00000204f9c17390, 0x00000204f9c178a0, 0x00000204f9d55af0, 0x00000204f9d55fc0,
0x00000204fb3cd540, 0x00000204fb4ae730, 0x00000204f9fe9a40, 0x00000204fac9f4c0,
0x00000204fac9fd60, 0x00000204f9e9d050, 0x00000204f9e9fe30, 0x00000204fc586a10,
0x00000204fc5873b0, 0x00000204fc5886f0, 0x00000204fc589090, 0x00000204fc588220,
0x00000204fc589a30, 0x00000204fc586070, 0x00000204fc588bc0, 0x00000204fc586540,
0x00000204f9f205a0, 0x00000204f9f25c40, 0x00000204f9f22280, 0x00000204f9f23a90,
0x00000204f9f23f60, 0x00000204f9f20f40, 0x00000204f9f230f0, 0x00000204f9f20a70,
0x00000204f9f1f260, 0x00000204f9f24430, 0x00000204f9f24900, 0x00000204f9f252a0,
0x00000204f9f25770, 0x00000204f9f1f730, 0x00000204f9f1fc00, 0x00000204fe2d86c0,
0x00000204fe2d8b90, 0x00000204fe2db6e0, 0x00000204fe2d7850, 0x00000204fe2dbbb0,
0x00000204fe2de230, 0x00000204fe2db210, 0x00000204fe2dc080, 0x00000204fe2d9060,
0x00000204fe2d69e0, 0x00000204fe2dcef0, 0x00000204fe2d9ed0, 0x00000204fe2da3a0,
0x00000204fe2dca20, 0x00000204fe2da870
}

Java Threads: ( => current thread )
  0x00000204ef20f740 JavaThread "main" [_thread_blocked, id=10996, stack(0x00000068ce700000,0x00000068ce800000)]
  0x00000204f929e610 JavaThread "Reference Handler" daemon [_thread_blocked, id=10332, stack(0x00000068cee00000,0x00000068cef00000)]
  0x00000204f92a0dc0 JavaThread "Finalizer" daemon [_thread_blocked, id=10012, stack(0x00000068cef00000,0x00000068cf000000)]
  0x00000204f928b230 JavaThread "Signal Dispatcher" daemon [_thread_blocked, id=3460, stack(0x00000068cf000000,0x00000068cf100000)]
  0x00000204f9c09080 JavaThread "Attach Listener" daemon [_thread_blocked, id=11132, stack(0x00000068cf100000,0x00000068cf200000)]
  0x00000204f9c0b560 JavaThread "Service Thread" daemon [_thread_blocked, id=11420, stack(0x00000068cf200000,0x00000068cf300000)]
  0x00000204f9c0be20 JavaThread "Monitor Deflation Thread" daemon [_thread_blocked, id=12624, stack(0x00000068cf300000,0x00000068cf400000)]
  0x00000204f9c0e670 JavaThread "C2 CompilerThread0" daemon [_thread_blocked, id=15132, stack(0x00000068cf400000,0x00000068cf500000)]
  0x00000204f9c17390 JavaThread "C1 CompilerThread0" daemon [_thread_blocked, id=14624, stack(0x00000068cf500000,0x00000068cf600000)]
  0x00000204f9c178a0 JavaThread "Sweeper thread" daemon [_thread_blocked, id=2772, stack(0x00000068cf600000,0x00000068cf700000)]
  0x00000204f9d55af0 JavaThread "Common-Cleaner" daemon [_thread_blocked, id=7132, stack(0x00000068cf700000,0x00000068cf800000)]
  0x00000204f9d55fc0 JavaThread "Notification Thread" daemon [_thread_blocked, id=2124, stack(0x00000068cf800000,0x00000068cf900000)]
  0x00000204fb3cd540 JavaThread "Daemon health stats" [_thread_blocked, id=10988, stack(0x00000068cfb00000,0x00000068cfc00000)]
  0x00000204fb4ae730 JavaThread "Incoming local TCP Connector on port 51463" [_thread_in_native, id=9932, stack(0x00000068cfc00000,0x00000068cfd00000)]
  0x00000204f9fe9a40 JavaThread "Daemon periodic checks" [_thread_blocked, id=1376, stack(0x00000068cfd00000,0x00000068cfe00000)]
  0x00000204fac9f4c0 JavaThread "Daemon" [_thread_blocked, id=8224, stack(0x00000068cfe00000,0x00000068cff00000)]
  0x00000204fac9fd60 JavaThread "Handler for socket connection from /127.0.0.1:51463 to /127.0.0.1:51464" [_thread_in_native, id=2068, stack(0x00000068cff00000,0x00000068d0000000)]
  0x00000204f9e9d050 JavaThread "Cancel handler" [_thread_blocked, id=10656, stack(0x00000068d0000000,0x00000068d0100000)]
  0x00000204f9e9fe30 JavaThread "Daemon worker" [_thread_blocked, id=10248, stack(0x00000068d0100000,0x00000068d0200000)]
  0x00000204fc586a10 JavaThread "Asynchronous log dispatcher for DefaultDaemonConnection: socket connection from /127.0.0.1:51463 to /127.0.0.1:51464" [_thread_blocked, id=11188, stack(0x00000068d0200000,0x00000068d0300000)]
  0x00000204fc5873b0 JavaThread "Daemon client event forwarder" [_thread_blocked, id=12144, stack(0x00000068d0400000,0x00000068d0500000)]
  0x00000204fc5886f0 JavaThread "Cache worker for journal cache (C:\Users\HP\.gradle\caches\journal-1)" [_thread_blocked, id=8052, stack(0x00000068d0500000,0x00000068d0600000)]
  0x00000204fc589090 JavaThread "File lock request listener" [_thread_in_native, id=14040, stack(0x00000068d0600000,0x00000068d0700000)]
  0x00000204fc588220 JavaThread "Cache worker for file hash cache (C:\Users\HP\.gradle\caches\8.0\fileHashes)" [_thread_blocked, id=12416, stack(0x00000068d0700000,0x00000068d0800000)]
  0x00000204fc589a30 JavaThread "File watcher server" daemon [_thread_in_native, id=14592, stack(0x00000068d0800000,0x00000068d0900000)]
  0x00000204fc586070 JavaThread "File watcher consumer" daemon [_thread_blocked, id=6896, stack(0x00000068d0900000,0x00000068d0a00000)]
  0x00000204fc588bc0 JavaThread "jar transforms" [_thread_blocked, id=9572, stack(0x00000068d0a00000,0x00000068d0b00000)]
  0x00000204fc586540 JavaThread "jar transforms Thread 2" [_thread_blocked, id=14392, stack(0x00000068d0b00000,0x00000068d0c00000)]
  0x00000204f9f205a0 JavaThread "Cache worker for checksums cache (D:\Imaa\UNY\STUD\SEM 5\Pengembangan Mobile\zoogle\.gradle\8.0\checksums)" [_thread_blocked, id=9252, stack(0x00000068d0c00000,0x00000068d0d00000)]
  0x00000204f9f25c40 JavaThread "Cache worker for cache directory md-rule (C:\Users\HP\.gradle\caches\8.0\md-rule)" [_thread_blocked, id=10716, stack(0x00000068d0d00000,0x00000068d0e00000)]
  0x00000204f9f22280 JavaThread "Cache worker for file content cache (C:\Users\HP\.gradle\caches\8.0\fileContent)" [_thread_blocked, id=14644, stack(0x00000068d0e00000,0x00000068d0f00000)]
  0x00000204f9f23a90 JavaThread "Cache worker for file hash cache (D:\Imaa\UNY\STUD\SEM 5\Pengembangan Mobile\zoogle\.gradle\8.0\fileHashes)" [_thread_blocked, id=8456, stack(0x00000068d0f00000,0x00000068d1000000)]
  0x00000204f9f23f60 JavaThread "Cache worker for cache directory md-supplier (C:\Users\HP\.gradle\caches\8.0\md-supplier)" [_thread_blocked, id=9928, stack(0x00000068d1000000,0x00000068d1100000)]
  0x00000204f9f20f40 JavaThread "Cache worker for execution history cache (C:\Users\HP\.gradle\caches\8.0\executionHistory)" [_thread_blocked, id=10512, stack(0x00000068d1100000,0x00000068d1200000)]
  0x00000204f9f230f0 JavaThread "Cache worker for kotlin-dsl (C:\Users\HP\.gradle\caches\8.0\kotlin-dsl)" [_thread_blocked, id=8096, stack(0x00000068d1200000,0x00000068d1300000)]
  0x00000204f9f20a70 JavaThread "Cache worker for dependencies-accessors (D:\Imaa\UNY\STUD\SEM 5\Pengembangan Mobile\zoogle\.gradle\8.0\dependencies-accessors)" [_thread_blocked, id=13412, stack(0x00000068d1300000,0x00000068d1400000)]
  0x00000204f9f1f260 JavaThread "Cache worker for Build Output Cleanup Cache (D:\Imaa\UNY\STUD\SEM 5\Pengembangan Mobile\zoogle\.gradle\buildOutputCleanup)" [_thread_blocked, id=13568, stack(0x00000068d1400000,0x00000068d1500000)]
  0x00000204f9f24430 JavaThread "Unconstrained build operations" [_thread_blocked, id=7532, stack(0x00000068d1800000,0x00000068d1900000)]
  0x00000204f9f24900 JavaThread "Unconstrained build operations Thread 2" [_thread_blocked, id=3852, stack(0x00000068d1900000,0x00000068d1a00000)]
  0x00000204f9f252a0 JavaThread "Unconstrained build operations Thread 3" [_thread_blocked, id=12864, stack(0x00000068d1a00000,0x00000068d1b00000)]
  0x00000204f9f25770 JavaThread "Unconstrained build operations Thread 4" [_thread_blocked, id=1572, stack(0x00000068d1b00000,0x00000068d1c00000)]
  0x00000204f9f1f730 JavaThread "Unconstrained build operations Thread 5" [_thread_blocked, id=4284, stack(0x00000068d1c00000,0x00000068d1d00000)]
  0x00000204f9f1fc00 JavaThread "Unconstrained build operations Thread 6" [_thread_blocked, id=2616, stack(0x00000068d1d00000,0x00000068d1e00000)]
  0x00000204fe2d86c0 JavaThread "Unconstrained build operations Thread 7" [_thread_blocked, id=12628, stack(0x00000068d1e00000,0x00000068d1f00000)]
  0x00000204fe2d8b90 JavaThread "Unconstrained build operations Thread 8" [_thread_blocked, id=8560, stack(0x00000068d1f00000,0x00000068d2000000)]
  0x00000204fe2db6e0 JavaThread "Unconstrained build operations Thread 9" [_thread_blocked, id=10448, stack(0x00000068d2000000,0x00000068d2100000)]
  0x00000204fe2d7850 JavaThread "Unconstrained build operations Thread 10" [_thread_blocked, id=4396, stack(0x00000068d2100000,0x00000068d2200000)]
  0x00000204fe2dbbb0 JavaThread "Unconstrained build operations Thread 11" [_thread_blocked, id=5556, stack(0x00000068d2200000,0x00000068d2300000)]
  0x00000204fe2de230 JavaThread "Unconstrained build operations Thread 12" [_thread_blocked, id=11528, stack(0x00000068d2300000,0x00000068d2400000)]
  0x00000204fe2db210 JavaThread "Unconstrained build operations Thread 13" [_thread_blocked, id=13960, stack(0x00000068d2400000,0x00000068d2500000)]
  0x00000204fe2dc080 JavaThread "Unconstrained build operations Thread 14" [_thread_blocked, id=14608, stack(0x00000068d2500000,0x00000068d2600000)]
  0x00000204fe2d9060 JavaThread "Unconstrained build operations Thread 15" [_thread_blocked, id=6272, stack(0x00000068d2600000,0x00000068d2700000)]
  0x00000204fe2d69e0 JavaThread "Unconstrained build operations Thread 16" [_thread_blocked, id=1108, stack(0x00000068d2700000,0x00000068d2800000)]
  0x00000204fe2dcef0 JavaThread "Unconstrained build operations Thread 17" [_thread_blocked, id=12348, stack(0x00000068d2800000,0x00000068d2900000)]
  0x00000204fe2d9ed0 JavaThread "Unconstrained build operations Thread 18" [_thread_blocked, id=13004, stack(0x00000068d2900000,0x00000068d2a00000)]
  0x00000204fe2da3a0 JavaThread "Unconstrained build operations Thread 19" [_thread_blocked, id=360, stack(0x00000068d2a00000,0x00000068d2b00000)]
  0x00000204fe2dca20 JavaThread "Unconstrained build operations Thread 20" [_thread_blocked, id=10176, stack(0x00000068d2b00000,0x00000068d2c00000)]
  0x00000204fe2da870 JavaThread "Memory manager" [_thread_blocked, id=1552, stack(0x00000068ce400000,0x00000068ce500000)]

Other Threads:
=>0x00000204ef2ce340 VMThread "VM Thread" [stack: 0x00000068ced00000,0x00000068cee00000] [id=468]
  0x00000204f9d706e0 WatcherThread [stack: 0x00000068cf900000,0x00000068cfa00000] [id=12596]
  0x00000204ef269f50 GCTaskThread "GC Thread#0" [stack: 0x00000068ce800000,0x00000068ce900000] [id=11540]
  0x00000204f9e6f400 GCTaskThread "GC Thread#1" [stack: 0x00000068cfa00000,0x00000068cfb00000] [id=15200]
  0x00000204ef27b540 ConcurrentGCThread "G1 Main Marker" [stack: 0x00000068ce900000,0x00000068cea00000] [id=5884]
  0x00000204ef27be60 ConcurrentGCThread "G1 Conc#0" [stack: 0x00000068cea00000,0x00000068ceb00000] [id=5128]
  0x00000204ef2ae670 ConcurrentGCThread "G1 Refine#0" [stack: 0x00000068ceb00000,0x00000068cec00000] [id=11580]
  0x00000204ef2aefa0 ConcurrentGCThread "G1 Service" [stack: 0x00000068cec00000,0x00000068ced00000] [id=11788]

Threads with active compile tasks:
C2 CompilerThread0    96504 7822 %     4       org.gradle.internal.instantiation.generator.AbstractClassGenerator::inspectType @ 207 (560 bytes)

VM state: at safepoint (normal execution)

VM Mutex/Monitor currently owned by a thread:  ([mutex/lock_event])
[0x00000204ef20b9f0] Threads_lock - owner thread: 0x00000204ef2ce340
[0x00000204ef20b330] Heap_lock - owner thread: 0x00000204f9e9fe30

Heap address: 0x0000000080000000, size: 2048 MB, Compressed Oops mode: 32-bit

CDS archive(s) not mapped
Compressed class space mapped at: 0x0000000100000000-0x0000000140000000, reserved size: 1073741824
Narrow klass base: 0x0000000000000000, Narrow klass shift: 3, Narrow klass range: 0x140000000

GC Precious Log:
 CPUs: 2 total, 2 available
 Memory: 3500M
 Large Page Support: Disabled
 NUMA Support: Disabled
 Compressed Oops: Enabled (32-bit)
 Heap Region Size: 1M
 Heap Min Capacity: 8M
 Heap Initial Capacity: 56M
 Heap Max Capacity: 2G
 Pre-touch: Disabled
 Parallel Workers: 2
 Concurrent Workers: 1
 Concurrent Refinement Workers: 2
 Periodic GC: Disabled

Heap:
 garbage-first heap   total 199680K, used 101474K [0x0000000080000000, 0x0000000100000000)
  region size 1024K, 3 young (3072K), 3 survivors (3072K)
 Metaspace       used 78538K, committed 79232K, reserved 1122304K
  class space    used 10424K, committed 10752K, reserved 1048576K

Heap Regions: E=young(eden), S=young(survivor), O=old, HS=humongous(starts), HC=humongous(continues), CS=collection set, F=free, OA=open archive, CA=closed archive, TAMS=top-at-mark-start (previous, next)
|   0|0x0000000080000000, 0x0000000080100000, 0x0000000080100000|100%| O|  |TAMS 0x0000000080100000, 0x0000000080100000| Untracked 
|   1|0x0000000080100000, 0x0000000080200000, 0x0000000080200000|100%| O|  |TAMS 0x0000000080200000, 0x0000000080200000| Untracked 
|   2|0x0000000080200000, 0x0000000080300000, 0x0000000080300000|100%| O|  |TAMS 0x0000000080300000, 0x0000000080300000| Untracked 
|   3|0x0000000080300000, 0x0000000080400000, 0x0000000080400000|100%|HS|  |TAMS 0x0000000080400000, 0x0000000080400000| Complete 
|   4|0x0000000080400000, 0x0000000080500000, 0x0000000080500000|100%|HC|  |TAMS 0x0000000080500000, 0x0000000080500000| Complete 
|   5|0x0000000080500000, 0x0000000080600000, 0x0000000080600000|100%|HC|  |TAMS 0x0000000080600000, 0x0000000080600000| Complete 
|   6|0x0000000080600000, 0x0000000080700000, 0x0000000080700000|100%|HC|  |TAMS 0x0000000080700000, 0x0000000080700000| Complete 
|   7|0x0000000080700000, 0x0000000080800000, 0x0000000080800000|100%| O|  |TAMS 0x0000000080800000, 0x0000000080800000| Untracked 
|   8|0x0000000080800000, 0x0000000080900000, 0x0000000080900000|100%| O|  |TAMS 0x0000000080900000, 0x0000000080900000| Untracked 
|   9|0x0000000080900000, 0x0000000080a00000, 0x0000000080a00000|100%| O|  |TAMS 0x0000000080a00000, 0x0000000080a00000| Untracked 
|  10|0x0000000080a00000, 0x0000000080b00000, 0x0000000080b00000|100%| O|  |TAMS 0x0000000080b00000, 0x0000000080b00000| Untracked 
|  11|0x0000000080b00000, 0x0000000080c00000, 0x0000000080c00000|100%| O|  |TAMS 0x0000000080c00000, 0x0000000080c00000| Untracked 
|  12|0x0000000080c00000, 0x0000000080d00000, 0x0000000080d00000|100%| O|  |TAMS 0x0000000080d00000, 0x0000000080d00000| Untracked 
|  13|0x0000000080d00000, 0x0000000080e00000, 0x0000000080e00000|100%| O|  |TAMS 0x0000000080e00000, 0x0000000080e00000| Untracked 
|  14|0x0000000080e00000, 0x0000000080f00000, 0x0000000080f00000|100%| O|  |TAMS 0x0000000080f00000, 0x0000000080f00000| Untracked 
|  15|0x0000000080f00000, 0x0000000081000000, 0x0000000081000000|100%| O|  |TAMS 0x0000000081000000, 0x0000000081000000| Untracked 
|  16|0x0000000081000000, 0x0000000081100000, 0x0000000081100000|100%| O|  |TAMS 0x0000000081100000, 0x0000000081100000| Untracked 
|  17|0x0000000081100000, 0x0000000081200000, 0x0000000081200000|100%| O|  |TAMS 0x0000000081200000, 0x0000000081200000| Untracked 
|  18|0x0000000081200000, 0x0000000081300000, 0x0000000081300000|100%| O|  |TAMS 0x0000000081300000, 0x0000000081300000| Untracked 
|  19|0x0000000081300000, 0x0000000081400000, 0x0000000081400000|100%| O|  |TAMS 0x0000000081400000, 0x0000000081400000| Untracked 
|  20|0x0000000081400000, 0x0000000081500000, 0x0000000081500000|100%| O|  |TAMS 0x0000000081500000, 0x0000000081500000| Untracked 
|  21|0x0000000081500000, 0x0000000081600000, 0x0000000081600000|100%|HS|  |TAMS 0x0000000081600000, 0x0000000081600000| Complete 
|  22|0x0000000081600000, 0x0000000081700000, 0x0000000081700000|100%|HC|  |TAMS 0x0000000081700000, 0x0000000081700000| Complete 
|  23|0x0000000081700000, 0x0000000081800000, 0x0000000081800000|100%|HS|  |TAMS 0x0000000081800000, 0x0000000081800000| Complete 
|  24|0x0000000081800000, 0x0000000081900000, 0x0000000081900000|100%|HC|  |TAMS 0x0000000081900000, 0x0000000081900000| Complete 
|  25|0x0000000081900000, 0x0000000081a00000, 0x0000000081a00000|100%|HC|  |TAMS 0x0000000081a00000, 0x0000000081a00000| Complete 
|  26|0x0000000081a00000, 0x0000000081b00000, 0x0000000081b00000|100%|HS|  |TAMS 0x0000000081b00000, 0x0000000081b00000| Complete 
|  27|0x0000000081b00000, 0x0000000081c00000, 0x0000000081c00000|100%|HC|  |TAMS 0x0000000081c00000, 0x0000000081c00000| Complete 
|  28|0x0000000081c00000, 0x0000000081d00000, 0x0000000081d00000|100%|HC|  |TAMS 0x0000000081d00000, 0x0000000081d00000| Complete 
|  29|0x0000000081d00000, 0x0000000081e00000, 0x0000000081e00000|100%| O|  |TAMS 0x0000000081e00000, 0x0000000081e00000| Untracked 
|  30|0x0000000081e00000, 0x0000000081f00000, 0x0000000081f00000|100%| O|  |TAMS 0x0000000081f00000, 0x0000000081f00000| Untracked 
|  31|0x0000000081f00000, 0x0000000082000000, 0x0000000082000000|100%|HS|  |TAMS 0x0000000082000000, 0x0000000082000000| Complete 
|  32|0x0000000082000000, 0x0000000082100000, 0x0000000082100000|100%|HC|  |TAMS 0x0000000082100000, 0x0000000082100000| Complete 
|  33|0x0000000082100000, 0x0000000082200000, 0x0000000082200000|100%|HC|  |TAMS 0x0000000082200000, 0x0000000082200000| Complete 
|  34|0x0000000082200000, 0x0000000082300000, 0x0000000082300000|100%|HC|  |TAMS 0x0000000082300000, 0x0000000082300000| Complete 
|  35|0x0000000082300000, 0x0000000082400000, 0x0000000082400000|100%|HC|  |TAMS 0x0000000082400000, 0x0000000082400000| Complete 
|  36|0x0000000082400000, 0x0000000082500000, 0x0000000082500000|100%|HC|  |TAMS 0x0000000082500000, 0x0000000082500000| Complete 
|  37|0x0000000082500000, 0x0000000082600000, 0x0000000082600000|100%|HC|  |TAMS 0x0000000082600000, 0x0000000082600000| Complete 
|  38|0x0000000082600000, 0x0000000082700000, 0x0000000082700000|100%|HC|  |TAMS 0x0000000082700000, 0x0000000082700000| Complete 
|  39|0x0000000082700000, 0x0000000082800000, 0x0000000082800000|100%|HC|  |TAMS 0x0000000082800000, 0x0000000082800000| Complete 
|  40|0x0000000082800000, 0x0000000082900000, 0x0000000082900000|100%|HC|  |TAMS 0x0000000082900000, 0x0000000082900000| Complete 
|  41|0x0000000082900000, 0x0000000082a00000, 0x0000000082a00000|100%|HC|  |TAMS 0x0000000082a00000, 0x0000000082a00000| Complete 
|  42|0x0000000082a00000, 0x0000000082b00000, 0x0000000082b00000|100%|HC|  |TAMS 0x0000000082b00000, 0x0000000082b00000| Complete 
|  43|0x0000000082b00000, 0x0000000082c00000, 0x0000000082c00000|100%|HS|  |TAMS 0x0000000082c00000, 0x0000000082c00000| Complete 
|  44|0x0000000082c00000, 0x0000000082d00000, 0x0000000082d00000|100%|HC|  |TAMS 0x0000000082d00000, 0x0000000082d00000| Complete 
|  45|0x0000000082d00000, 0x0000000082e00000, 0x0000000082e00000|100%| O|  |TAMS 0x0000000082e00000, 0x0000000082e00000| Untracked 
|  46|0x0000000082e00000, 0x0000000082f00000, 0x0000000082f00000|100%| O|  |TAMS 0x0000000082f00000, 0x0000000082f00000| Untracked 
|  47|0x0000000082f00000, 0x0000000083000000, 0x0000000083000000|100%| O|  |TAMS 0x0000000083000000, 0x0000000083000000| Untracked 
|  48|0x0000000083000000, 0x0000000083100000, 0x0000000083100000|100%| O|  |TAMS 0x0000000083100000, 0x0000000083100000| Untracked 
|  49|0x0000000083100000, 0x0000000083200000, 0x0000000083200000|100%| O|  |TAMS 0x0000000083200000, 0x0000000083200000| Untracked 
|  50|0x0000000083200000, 0x0000000083300000, 0x0000000083300000|100%| O|  |TAMS 0x0000000083300000, 0x0000000083300000| Untracked 
|  51|0x0000000083300000, 0x0000000083400000, 0x0000000083400000|100%| O|  |TAMS 0x0000000083400000, 0x0000000083400000| Untracked 
|  52|0x0000000083400000, 0x0000000083500000, 0x0000000083500000|100%| O|  |TAMS 0x0000000083500000, 0x0000000083500000| Untracked 
|  53|0x0000000083500000, 0x0000000083600000, 0x0000000083600000|100%|HS|  |TAMS 0x0000000083600000, 0x0000000083600000| Complete 
|  54|0x0000000083600000, 0x0000000083700000, 0x0000000083700000|100%|HC|  |TAMS 0x0000000083700000, 0x0000000083700000| Complete 
|  55|0x0000000083700000, 0x0000000083800000, 0x0000000083800000|100%|HC|  |TAMS 0x0000000083800000, 0x0000000083800000| Complete 
|  56|0x0000000083800000, 0x0000000083900000, 0x0000000083900000|100%| O|  |TAMS 0x0000000083900000, 0x0000000083900000| Untracked 
|  57|0x0000000083900000, 0x0000000083a00000, 0x0000000083a00000|100%| O|  |TAMS 0x0000000083a00000, 0x0000000083a00000| Untracked 
|  58|0x0000000083a00000, 0x0000000083b00000, 0x0000000083b00000|100%| O|  |TAMS 0x0000000083b00000, 0x0000000083b00000| Untracked 
|  59|0x0000000083b00000, 0x0000000083c00000, 0x0000000083c00000|100%|HS|  |TAMS 0x0000000083c00000, 0x0000000083c00000| Complete 
|  60|0x0000000083c00000, 0x0000000083d00000, 0x0000000083d00000|100%|HC|  |TAMS 0x0000000083d00000, 0x0000000083d00000| Complete 
|  61|0x0000000083d00000, 0x0000000083e00000, 0x0000000083e00000|100%|HC|  |TAMS 0x0000000083e00000, 0x0000000083e00000| Complete 
|  62|0x0000000083e00000, 0x0000000083f00000, 0x0000000083f00000|100%| O|  |TAMS 0x0000000083f00000, 0x0000000083f00000| Untracked 
|  63|0x0000000083f00000, 0x0000000084000000, 0x0000000084000000|100%| O|  |TAMS 0x0000000084000000, 0x0000000084000000| Untracked 
|  64|0x0000000084000000, 0x0000000084100000, 0x0000000084100000|100%| O|  |TAMS 0x0000000084100000, 0x0000000084100000| Untracked 
|  65|0x0000000084100000, 0x0000000084200000, 0x0000000084200000|100%| O|  |TAMS 0x0000000084200000, 0x0000000084200000| Untracked 
|  66|0x0000000084200000, 0x0000000084300000, 0x0000000084300000|100%| O|  |TAMS 0x0000000084300000, 0x0000000084300000| Untracked 
|  67|0x0000000084300000, 0x0000000084400000, 0x0000000084400000|100%| O|  |TAMS 0x0000000084400000, 0x0000000084400000| Untracked 
|  68|0x0000000084400000, 0x0000000084500000, 0x0000000084500000|100%| O|  |TAMS 0x0000000084500000, 0x0000000084500000| Untracked 
|  69|0x0000000084500000, 0x0000000084600000, 0x0000000084600000|100%| O|  |TAMS 0x0000000084600000, 0x0000000084600000| Untracked 
|  70|0x0000000084600000, 0x0000000084700000, 0x0000000084700000|100%| O|  |TAMS 0x0000000084700000, 0x0000000084700000| Untracked 
|  71|0x0000000084700000, 0x0000000084800000, 0x0000000084800000|100%| O|  |TAMS 0x0000000084800000, 0x0000000084800000| Untracked 
|  72|0x0000000084800000, 0x0000000084900000, 0x0000000084900000|100%| O|  |TAMS 0x0000000084800000, 0x0000000084900000| Untracked 
|  73|0x0000000084900000, 0x0000000084a00000, 0x0000000084a00000|100%| O|  |TAMS 0x0000000084a00000, 0x0000000084a00000| Untracked 
|  74|0x0000000084a00000, 0x0000000084b00000, 0x0000000084b00000|100%| O|  |TAMS 0x0000000084b00000, 0x0000000084b00000| Untracked 
|  75|0x0000000084b00000, 0x0000000084c00000, 0x0000000084c00000|100%| O|  |TAMS 0x0000000084c00000, 0x0000000084c00000| Untracked 
|  76|0x0000000084c00000, 0x0000000084d00000, 0x0000000084d00000|100%|HS|  |TAMS 0x0000000084d00000, 0x0000000084d00000| Complete 
|  77|0x0000000084d00000, 0x0000000084e00000, 0x0000000084e00000|100%|HS|  |TAMS 0x0000000084e00000, 0x0000000084e00000| Complete 
|  78|0x0000000084e00000, 0x0000000084f00000, 0x0000000084f00000|100%|HS|  |TAMS 0x0000000084f00000, 0x0000000084f00000| Complete 
|  79|0x0000000084f00000, 0x0000000085000000, 0x0000000085000000|100%|HC|  |TAMS 0x0000000085000000, 0x0000000085000000| Complete 
|  80|0x0000000085000000, 0x0000000085100000, 0x0000000085100000|100%|HS|  |TAMS 0x0000000085100000, 0x0000000085100000| Complete 
|  81|0x0000000085100000, 0x0000000085200000, 0x0000000085200000|100%|HS|  |TAMS 0x0000000085200000, 0x0000000085200000| Complete 
|  82|0x0000000085200000, 0x0000000085300000, 0x0000000085300000|100%|HC|  |TAMS 0x0000000085300000, 0x0000000085300000| Complete 
|  83|0x0000000085300000, 0x0000000085400000, 0x0000000085400000|100%|HC|  |TAMS 0x0000000085400000, 0x0000000085400000| Complete 
|  84|0x0000000085400000, 0x0000000085500000, 0x0000000085500000|100%|HC|  |TAMS 0x0000000085500000, 0x0000000085500000| Complete 
|  85|0x0000000085500000, 0x0000000085600000, 0x0000000085600000|100%| O|  |TAMS 0x0000000085600000, 0x0000000085600000| Untracked 
|  86|0x0000000085600000, 0x0000000085700000, 0x0000000085700000|100%| O|  |TAMS 0x0000000085700000, 0x0000000085700000| Untracked 
|  87|0x0000000085700000, 0x0000000085800000, 0x0000000085800000|100%| O|  |TAMS 0x0000000085800000, 0x0000000085800000| Untracked 
|  88|0x0000000085800000, 0x0000000085900000, 0x0000000085900000|100%| O|  |TAMS 0x0000000085900000, 0x0000000085900000| Untracked 
|  89|0x0000000085900000, 0x0000000085a00000, 0x0000000085a00000|100%| O|  |TAMS 0x0000000085a00000, 0x0000000085a00000| Untracked 
|  90|0x0000000085a00000, 0x0000000085b00000, 0x0000000085b00000|100%| O|  |TAMS 0x0000000085b00000, 0x0000000085b00000| Untracked 
|  91|0x0000000085b00000, 0x0000000085b00000, 0x0000000085c00000|  0%| F|  |TAMS 0x0000000085b00000, 0x0000000085b00000| Untracked 
|  92|0x0000000085c00000, 0x0000000085d00000, 0x0000000085d00000|100%| O|  |TAMS 0x0000000085ca4200, 0x0000000085d00000| Untracked 
|  93|0x0000000085d00000, 0x0000000085e00000, 0x0000000085e00000|100%| O|  |TAMS 0x0000000085d00000, 0x0000000085e00000| Untracked 
|  94|0x0000000085e00000, 0x0000000085f00000, 0x0000000085f00000|100%| O|  |TAMS 0x0000000085e00000, 0x0000000085f00000| Untracked 
|  95|0x0000000085f00000, 0x0000000085f24000, 0x0000000086000000| 14%| O|  |TAMS 0x0000000085f00000, 0x0000000085f24000| Untracked 
|  96|0x0000000086000000, 0x0000000086000000, 0x0000000086100000|  0%| F|  |TAMS 0x0000000086000000, 0x0000000086000000| Untracked 
|  97|0x0000000086100000, 0x0000000086100000, 0x0000000086200000|  0%| F|  |TAMS 0x0000000086100000, 0x0000000086100000| Untracked 
|  98|0x0000000086200000, 0x0000000086300000, 0x0000000086300000|100%| O|  |TAMS 0x0000000086200000, 0x0000000086300000| Untracked 
|  99|0x0000000086300000, 0x0000000086400000, 0x0000000086400000|100%| O|  |TAMS 0x0000000086300000, 0x0000000086400000| Untracked 
| 100|0x0000000086400000, 0x0000000086400000, 0x0000000086500000|  0%| F|  |TAMS 0x0000000086400000, 0x0000000086400000| Untracked 
| 101|0x0000000086500000, 0x0000000086500000, 0x0000000086600000|  0%| F|  |TAMS 0x0000000086500000, 0x0000000086500000| Untracked 
| 102|0x0000000086600000, 0x0000000086600000, 0x0000000086700000|  0%| F|  |TAMS 0x0000000086600000, 0x0000000086600000| Untracked 
| 103|0x0000000086700000, 0x0000000086700000, 0x0000000086800000|  0%| F|  |TAMS 0x0000000086700000, 0x0000000086700000| Untracked 
| 104|0x0000000086800000, 0x0000000086800000, 0x0000000086900000|  0%| F|  |TAMS 0x0000000086800000, 0x0000000086800000| Untracked 
| 105|0x0000000086900000, 0x0000000086900000, 0x0000000086a00000|  0%| F|  |TAMS 0x0000000086900000, 0x0000000086900000| Untracked 
| 106|0x0000000086a00000, 0x0000000086a00000, 0x0000000086b00000|  0%| F|  |TAMS 0x0000000086a00000, 0x0000000086a00000| Untracked 
| 107|0x0000000086b00000, 0x0000000086b00000, 0x0000000086c00000|  0%| F|  |TAMS 0x0000000086b00000, 0x0000000086b00000| Untracked 
| 108|0x0000000086c00000, 0x0000000086c00000, 0x0000000086d00000|  0%| F|  |TAMS 0x0000000086c00000, 0x0000000086c00000| Untracked 
| 109|0x0000000086d00000, 0x0000000086d00000, 0x0000000086e00000|  0%| F|  |TAMS 0x0000000086d00000, 0x0000000086d00000| Untracked 
| 110|0x0000000086e00000, 0x0000000086e00000, 0x0000000086f00000|  0%| F|  |TAMS 0x0000000086e00000, 0x0000000086e00000| Untracked 
| 111|0x0000000086f00000, 0x0000000086f00000, 0x0000000087000000|  0%| F|  |TAMS 0x0000000086f00000, 0x0000000086f00000| Untracked 
| 112|0x0000000087000000, 0x0000000087000000, 0x0000000087100000|  0%| F|  |TAMS 0x0000000087000000, 0x0000000087000000| Untracked 
| 113|0x0000000087100000, 0x0000000087100000, 0x0000000087200000|  0%| F|  |TAMS 0x0000000087100000, 0x0000000087100000| Untracked 
| 114|0x0000000087200000, 0x0000000087200000, 0x0000000087300000|  0%| F|  |TAMS 0x0000000087200000, 0x0000000087200000| Untracked 
| 115|0x0000000087300000, 0x0000000087300000, 0x0000000087400000|  0%| F|  |TAMS 0x0000000087300000, 0x0000000087300000| Untracked 
| 116|0x0000000087400000, 0x0000000087400000, 0x0000000087500000|  0%| F|  |TAMS 0x0000000087400000, 0x0000000087400000| Untracked 
| 117|0x0000000087500000, 0x0000000087500000, 0x0000000087600000|  0%| F|  |TAMS 0x0000000087500000, 0x0000000087500000| Untracked 
| 118|0x0000000087600000, 0x0000000087600000, 0x0000000087700000|  0%| F|  |TAMS 0x0000000087600000, 0x0000000087600000| Untracked 
| 119|0x0000000087700000, 0x0000000087700000, 0x0000000087800000|  0%| F|  |TAMS 0x0000000087700000, 0x0000000087700000| Untracked 
| 120|0x0000000087800000, 0x0000000087800000, 0x0000000087900000|  0%| F|  |TAMS 0x0000000087800000, 0x0000000087800000| Untracked 
| 121|0x0000000087900000, 0x0000000087900000, 0x0000000087a00000|  0%| F|  |TAMS 0x0000000087900000, 0x0000000087900000| Untracked 
| 122|0x0000000087a00000, 0x0000000087a00000, 0x0000000087b00000|  0%| F|  |TAMS 0x0000000087a00000, 0x0000000087a00000| Untracked 
| 123|0x0000000087b00000, 0x0000000087b00000, 0x0000000087c00000|  0%| F|  |TAMS 0x0000000087b00000, 0x0000000087b00000| Untracked 
| 124|0x0000000087c00000, 0x0000000087c00000, 0x0000000087d00000|  0%| F|  |TAMS 0x0000000087c00000, 0x0000000087c00000| Untracked 
| 125|0x0000000087d00000, 0x0000000087d00000, 0x0000000087e00000|  0%| F|  |TAMS 0x0000000087d00000, 0x0000000087d00000| Untracked 
| 126|0x0000000087e00000, 0x0000000087e00000, 0x0000000087f00000|  0%| F|  |TAMS 0x0000000087e00000, 0x0000000087e00000| Untracked 
| 127|0x0000000087f00000, 0x0000000087f00000, 0x0000000088000000|  0%| F|  |TAMS 0x0000000087f00000, 0x0000000087f00000| Untracked 
| 128|0x0000000088000000, 0x0000000088000000, 0x0000000088100000|  0%| F|  |TAMS 0x0000000088000000, 0x0000000088000000| Untracked 
| 129|0x0000000088100000, 0x0000000088100000, 0x0000000088200000|  0%| F|  |TAMS 0x0000000088100000, 0x0000000088100000| Untracked 
| 130|0x0000000088200000, 0x0000000088200000, 0x0000000088300000|  0%| F|  |TAMS 0x0000000088200000, 0x0000000088200000| Untracked 
| 131|0x0000000088300000, 0x0000000088300000, 0x0000000088400000|  0%| F|  |TAMS 0x0000000088300000, 0x0000000088300000| Untracked 
| 132|0x0000000088400000, 0x0000000088400000, 0x0000000088500000|  0%| F|  |TAMS 0x0000000088400000, 0x0000000088400000| Untracked 
| 133|0x0000000088500000, 0x0000000088500000, 0x0000000088600000|  0%| F|  |TAMS 0x0000000088500000, 0x0000000088500000| Untracked 
| 134|0x0000000088600000, 0x0000000088600000, 0x0000000088700000|  0%| F|  |TAMS 0x0000000088600000, 0x0000000088600000| Untracked 
| 135|0x0000000088700000, 0x0000000088700000, 0x0000000088800000|  0%| F|  |TAMS 0x0000000088700000, 0x0000000088700000| Untracked 
| 136|0x0000000088800000, 0x0000000088800000, 0x0000000088900000|  0%| F|  |TAMS 0x0000000088800000, 0x0000000088800000| Untracked 
| 137|0x0000000088900000, 0x0000000088900000, 0x0000000088a00000|  0%| F|  |TAMS 0x0000000088900000, 0x0000000088900000| Untracked 
| 138|0x0000000088a00000, 0x0000000088a00000, 0x0000000088b00000|  0%| F|  |TAMS 0x0000000088a00000, 0x0000000088a00000| Untracked 
| 139|0x0000000088b00000, 0x0000000088b00000, 0x0000000088c00000|  0%| F|  |TAMS 0x0000000088b00000, 0x0000000088b00000| Untracked 
| 140|0x0000000088c00000, 0x0000000088c00000, 0x0000000088d00000|  0%| F|  |TAMS 0x0000000088c00000, 0x0000000088c00000| Untracked 
| 141|0x0000000088d00000, 0x0000000088d00000, 0x0000000088e00000|  0%| F|  |TAMS 0x0000000088d00000, 0x0000000088d00000| Untracked 
| 142|0x0000000088e00000, 0x0000000088e00000, 0x0000000088f00000|  0%| F|  |TAMS 0x0000000088e00000, 0x0000000088e00000| Untracked 
| 143|0x0000000088f00000, 0x0000000088f00000, 0x0000000089000000|  0%| F|  |TAMS 0x0000000088f00000, 0x0000000088f00000| Untracked 
| 144|0x0000000089000000, 0x0000000089000000, 0x0000000089100000|  0%| F|  |TAMS 0x0000000089000000, 0x0000000089000000| Untracked 
| 145|0x0000000089100000, 0x0000000089100000, 0x0000000089200000|  0%| F|  |TAMS 0x0000000089100000, 0x0000000089100000| Untracked 
| 146|0x0000000089200000, 0x0000000089200000, 0x0000000089300000|  0%| F|  |TAMS 0x0000000089200000, 0x0000000089200000| Untracked 
| 147|0x0000000089300000, 0x0000000089300000, 0x0000000089400000|  0%| F|  |TAMS 0x0000000089300000, 0x0000000089300000| Untracked 
| 148|0x0000000089400000, 0x0000000089400000, 0x0000000089500000|  0%| F|  |TAMS 0x0000000089400000, 0x0000000089400000| Untracked 
| 149|0x0000000089500000, 0x00000000895f4b00, 0x0000000089600000| 95%| S|CS|TAMS 0x0000000089500000, 0x0000000089500000| Complete 
| 150|0x0000000089600000, 0x0000000089700000, 0x0000000089700000|100%| S|CS|TAMS 0x0000000089600000, 0x0000000089600000| Complete 
| 151|0x0000000089700000, 0x0000000089800000, 0x0000000089800000|100%| S|CS|TAMS 0x0000000089700000, 0x0000000089700000| Complete 
| 152|0x0000000089800000, 0x0000000089800000, 0x0000000089900000|  0%| F|  |TAMS 0x0000000089800000, 0x0000000089800000| Untracked 
| 153|0x0000000089900000, 0x0000000089900000, 0x0000000089a00000|  0%| F|  |TAMS 0x0000000089900000, 0x0000000089900000| Untracked 
| 154|0x0000000089a00000, 0x0000000089a00000, 0x0000000089b00000|  0%| F|  |TAMS 0x0000000089a00000, 0x0000000089a00000| Untracked 
| 155|0x0000000089b00000, 0x0000000089b00000, 0x0000000089c00000|  0%| F|  |TAMS 0x0000000089b00000, 0x0000000089b00000| Untracked 
| 156|0x0000000089c00000, 0x0000000089c00000, 0x0000000089d00000|  0%| F|  |TAMS 0x0000000089c00000, 0x0000000089c00000| Untracked 
| 157|0x0000000089d00000, 0x0000000089d00000, 0x0000000089e00000|  0%| F|  |TAMS 0x0000000089d00000, 0x0000000089d00000| Untracked 
| 158|0x0000000089e00000, 0x0000000089e00000, 0x0000000089f00000|  0%| F|  |TAMS 0x0000000089e00000, 0x0000000089e00000| Untracked 
| 159|0x0000000089f00000, 0x0000000089f00000, 0x000000008a000000|  0%| F|  |TAMS 0x0000000089f00000, 0x0000000089f00000| Untracked 
| 160|0x000000008a000000, 0x000000008a000000, 0x000000008a100000|  0%| F|  |TAMS 0x000000008a000000, 0x000000008a000000| Untracked 
| 161|0x000000008a100000, 0x000000008a100000, 0x000000008a200000|  0%| F|  |TAMS 0x000000008a100000, 0x000000008a100000| Untracked 
| 162|0x000000008a200000, 0x000000008a200000, 0x000000008a300000|  0%| F|  |TAMS 0x000000008a200000, 0x000000008a200000| Untracked 
| 163|0x000000008a300000, 0x000000008a300000, 0x000000008a400000|  0%| F|  |TAMS 0x000000008a300000, 0x000000008a300000| Untracked 
| 164|0x000000008a400000, 0x000000008a400000, 0x000000008a500000|  0%| F|  |TAMS 0x000000008a400000, 0x000000008a400000| Untracked 
| 165|0x000000008a500000, 0x000000008a500000, 0x000000008a600000|  0%| F|  |TAMS 0x000000008a500000, 0x000000008a500000| Untracked 
| 166|0x000000008a600000, 0x000000008a600000, 0x000000008a700000|  0%| F|  |TAMS 0x000000008a600000, 0x000000008a600000| Untracked 
| 167|0x000000008a700000, 0x000000008a700000, 0x000000008a800000|  0%| F|  |TAMS 0x000000008a700000, 0x000000008a700000| Untracked 
| 168|0x000000008a800000, 0x000000008a800000, 0x000000008a900000|  0%| F|  |TAMS 0x000000008a800000, 0x000000008a800000| Untracked 
| 169|0x000000008a900000, 0x000000008a900000, 0x000000008aa00000|  0%| F|  |TAMS 0x000000008a900000, 0x000000008a900000| Untracked 
| 170|0x000000008aa00000, 0x000000008aa00000, 0x000000008ab00000|  0%| F|  |TAMS 0x000000008aa00000, 0x000000008aa00000| Untracked 
| 171|0x000000008ab00000, 0x000000008ab00000, 0x000000008ac00000|  0%| F|  |TAMS 0x000000008ab00000, 0x000000008ab00000| Untracked 
| 172|0x000000008ac00000, 0x000000008ac00000, 0x000000008ad00000|  0%| F|  |TAMS 0x000000008ac00000, 0x000000008ac00000| Untracked 
| 173|0x000000008ad00000, 0x000000008ad00000, 0x000000008ae00000|  0%| F|  |TAMS 0x000000008ad00000, 0x000000008ad00000| Untracked 
| 174|0x000000008ae00000, 0x000000008ae00000, 0x000000008af00000|  0%| F|  |TAMS 0x000000008ae00000, 0x000000008ae00000| Untracked 
| 175|0x000000008af00000, 0x000000008af00000, 0x000000008b000000|  0%| F|  |TAMS 0x000000008af00000, 0x000000008af00000| Untracked 
| 176|0x000000008b000000, 0x000000008b000000, 0x000000008b100000|  0%| F|  |TAMS 0x000000008b000000, 0x000000008b000000| Untracked 
| 177|0x000000008b100000, 0x000000008b100000, 0x000000008b200000|  0%| F|  |TAMS 0x000000008b100000, 0x000000008b100000| Untracked 
| 178|0x000000008b200000, 0x000000008b200000, 0x000000008b300000|  0%| F|  |TAMS 0x000000008b200000, 0x000000008b200000| Untracked 
| 179|0x000000008b300000, 0x000000008b300000, 0x000000008b400000|  0%| F|  |TAMS 0x000000008b300000, 0x000000008b300000| Untracked 
| 180|0x000000008b400000, 0x000000008b400000, 0x000000008b500000|  0%| F|  |TAMS 0x000000008b400000, 0x000000008b400000| Untracked 
| 181|0x000000008b500000, 0x000000008b500000, 0x000000008b600000|  0%| F|  |TAMS 0x000000008b500000, 0x000000008b500000| Untracked 
| 182|0x000000008b600000, 0x000000008b600000, 0x000000008b700000|  0%| F|  |TAMS 0x000000008b600000, 0x000000008b600000| Untracked 
| 183|0x000000008b700000, 0x000000008b700000, 0x000000008b800000|  0%| F|  |TAMS 0x000000008b700000, 0x000000008b700000| Untracked 
| 184|0x000000008b800000, 0x000000008b800000, 0x000000008b900000|  0%| F|  |TAMS 0x000000008b800000, 0x000000008b800000| Untracked 
| 185|0x000000008b900000, 0x000000008b900000, 0x000000008ba00000|  0%| F|  |TAMS 0x000000008b900000, 0x000000008b900000| Untracked 
| 186|0x000000008ba00000, 0x000000008ba00000, 0x000000008bb00000|  0%| F|  |TAMS 0x000000008ba00000, 0x000000008ba00000| Untracked 
| 187|0x000000008bb00000, 0x000000008bb00000, 0x000000008bc00000|  0%| F|  |TAMS 0x000000008bb00000, 0x000000008bb00000| Untracked 
| 188|0x000000008bc00000, 0x000000008bc00000, 0x000000008bd00000|  0%| F|  |TAMS 0x000000008bc00000, 0x000000008bc00000| Untracked 
| 189|0x000000008bd00000, 0x000000008bd00000, 0x000000008be00000|  0%| F|  |TAMS 0x000000008bd00000, 0x000000008bd00000| Untracked 
| 190|0x000000008be00000, 0x000000008be00000, 0x000000008bf00000|  0%| F|  |TAMS 0x000000008be00000, 0x000000008be00000| Untracked 
| 191|0x000000008bf00000, 0x000000008bf00000, 0x000000008c000000|  0%| F|  |TAMS 0x000000008bf00000, 0x000000008bf00000| Untracked 
| 192|0x000000008c000000, 0x000000008c000000, 0x000000008c100000|  0%| F|  |TAMS 0x000000008c000000, 0x000000008c000000| Untracked 
| 193|0x000000008c100000, 0x000000008c100000, 0x000000008c200000|  0%| F|  |TAMS 0x000000008c100000, 0x000000008c100000| Untracked 
| 194|0x000000008c200000, 0x000000008c200000, 0x000000008c300000|  0%| F|  |TAMS 0x000000008c200000, 0x000000008c200000| Untracked 

Card table byte_map: [0x00000204f26d0000,0x00000204f2ad0000] _byte_map_base: 0x00000204f22d0000

Marking Bits (Prev, Next): (CMBitMap*) 0x00000204ef26a4b0, (CMBitMap*) 0x00000204ef26a470
 Prev Bits: [0x00000204f4ed0000, 0x00000204f6ed0000)
 Next Bits: [0x00000204f2ed0000, 0x00000204f4ed0000)

Polling page: 0x00000204ed010000

Metaspace:

Usage:
  Non-class:     66.52 MB used.
      Class:     10.18 MB used.
       Both:     76.70 MB used.

Virtual space:
  Non-class space:       72.00 MB reserved,      66.88 MB ( 93%) committed,  9 nodes.
      Class space:        1.00 GB reserved,      10.50 MB (  1%) committed,  1 nodes.
             Both:        1.07 GB reserved,      77.38 MB (  7%) committed. 

Chunk freelists:
   Non-Class:  944.00 KB
       Class:  1.54 MB
        Both:  2.46 MB

MaxMetaspaceSize: unlimited
CompressedClassSpaceSize: 1.00 GB
Initial GC threshold: 21.00 MB
Current GC threshold: 119.00 MB
CDS: off
MetaspaceReclaimPolicy: balanced
 - commit_granule_bytes: 65536.
 - commit_granule_words: 8192.
 - virtual_space_node_default_size: 1048576.
 - enlarge_chunks_in_place: 1.
 - new_chunks_are_fully_committed: 0.
 - uncommit_free_chunks: 1.
 - use_allocation_guard: 0.
 - handle_deallocations: 1.


Internal statistics:

num_allocs_failed_limit: 3.
num_arena_births: 848.
num_arena_deaths: 0.
num_vsnodes_births: 10.
num_vsnodes_deaths: 0.
num_space_committed: 1238.
num_space_uncommitted: 0.
num_chunks_returned_to_freelist: 3.
num_chunks_taken_from_freelist: 3466.
num_chunk_merges: 3.
num_chunk_splits: 2282.
num_chunks_enlarged: 1531.
num_purges: 0.
num_inconsistent_stats: 0.

CodeHeap 'non-profiled nmethods': size=120064Kb used=4275Kb max_used=4275Kb free=115788Kb
 bounds [0x0000020487ac0000, 0x0000020487ef0000, 0x000002048f000000]
CodeHeap 'profiled nmethods': size=120000Kb used=13932Kb max_used=13932Kb free=106067Kb
 bounds [0x0000020480000000, 0x0000020480da0000, 0x0000020487530000]
CodeHeap 'non-nmethods': size=5696Kb used=2439Kb max_used=2439Kb free=3256Kb
 bounds [0x0000020487530000, 0x00000204877a0000, 0x0000020487ac0000]
 total_blobs=8089 nmethods=7154 adapters=844
 compilation: enabled
              stopped_count=0, restarted_count=0
 full_count=0

Compilation events (20 events):
Event: 96.289 Thread 0x00000204f9c17390 7919       1       org.gradle.api.attributes.Usage$Impl::toString (5 bytes)
Event: 96.289 Thread 0x00000204f9c17390 nmethod 7919 0x0000020487eecc10 code [0x0000020487eecda0, 0x0000020487eece78]
Event: 96.290 Thread 0x00000204f9c17390 7920       3       org.gradle.api.internal.DefaultDomainObjectCollection::assertMutableCollectionContents (1 bytes)
Event: 96.290 Thread 0x00000204f9c17390 nmethod 7920 0x0000020480d95e10 code [0x0000020480d95fa0, 0x0000020480d960b8]
Event: 96.291 Thread 0x00000204f9c17390 7921   !   3       jdk.internal.reflect.GeneratedMethodAccessor5::invoke (96 bytes)
Event: 96.292 Thread 0x00000204f9c17390 nmethod 7921 0x0000020480d96190 code [0x0000020480d963e0, 0x0000020480d96e28]
Event: 96.292 Thread 0x00000204f9c17390 7922       3       org.gradle.api.internal.project.DefaultProject_Decorated::getObjects (32 bytes)
Event: 96.292 Thread 0x00000204f9c17390 nmethod 7922 0x0000020480d97290 code [0x0000020480d97440, 0x0000020480d97848]
Event: 96.292 Thread 0x00000204f9c17390 7923   !   3       org.gradle.api.internal.DefaultNamedDomainObjectCollection::applyRules (109 bytes)
Event: 96.292 Thread 0x00000204f9c17390 nmethod 7923 0x0000020480d97990 code [0x0000020480d97be0, 0x0000020480d98668]
Event: 96.293 Thread 0x00000204f9c17390 7924       3       org.gradle.api.internal.model.DefaultObjectFactory::named (10 bytes)
Event: 96.293 Thread 0x00000204f9c17390 nmethod 7924 0x0000020480d98a10 code [0x0000020480d98bc0, 0x0000020480d98d28]
Event: 96.294 Thread 0x00000204f9c17390 7925       3       org.gradle.api.internal.artifacts.configurations.DefaultConfiguration::getAttributes (5 bytes)
Event: 96.294 Thread 0x00000204f9c17390 nmethod 7925 0x0000020480d98e10 code [0x0000020480d98fc0, 0x0000020480d99188]
Event: 96.294 Thread 0x00000204f9c17390 7926       3       org.gradle.internal.event.BroadcastDispatch$SingletonDispatch::<init> (17 bytes)
Event: 96.294 Thread 0x00000204f9c17390 nmethod 7926 0x0000020480d99210 code [0x0000020480d993c0, 0x0000020480d99758]
Event: 96.313 Thread 0x00000204f9c17390 7927       3       sun.reflect.annotation.AnnotationParser::parseIntArray (84 bytes)
Event: 96.314 Thread 0x00000204f9c17390 nmethod 7927 0x0000020480d99890 code [0x0000020480d99aa0, 0x0000020480d9a0a8]
Event: 96.317 Thread 0x00000204f9c17390 7928   !   3       jdk.internal.reflect.GeneratedConstructorAccessor5::newInstance (53 bytes)
Event: 96.318 Thread 0x00000204f9c17390 nmethod 7928 0x0000020480d9a310 code [0x0000020480d9a540, 0x0000020480d9ada8]

GC Heap History (20 events):
Event: 35.645 GC heap after
{Heap after GC invocations=34 (full 0):
 garbage-first heap   total 119808K, used 69817K [0x0000000080000000, 0x0000000100000000)
  region size 1024K, 3 young (3072K), 3 survivors (3072K)
 Metaspace       used 51570K, committed 52096K, reserved 1097728K
  class space    used 6856K, committed 7104K, reserved 1048576K
}
Event: 36.862 GC heap before
{Heap before GC invocations=35 (full 0):
 garbage-first heap   total 119808K, used 94393K [0x0000000080000000, 0x0000000100000000)
  region size 1024K, 28 young (28672K), 3 survivors (3072K)
 Metaspace       used 54504K, committed 55104K, reserved 1097728K
  class space    used 7347K, committed 7616K, reserved 1048576K
}
Event: 36.872 GC heap after
{Heap after GC invocations=36 (full 0):
 garbage-first heap   total 119808K, used 71627K [0x0000000080000000, 0x0000000100000000)
  region size 1024K, 4 young (4096K), 4 survivors (4096K)
 Metaspace       used 54504K, committed 55104K, reserved 1097728K
  class space    used 7347K, committed 7616K, reserved 1048576K
}
Event: 40.805 GC heap before
{Heap before GC invocations=36 (full 0):
 garbage-first heap   total 119808K, used 96203K [0x0000000080000000, 0x0000000100000000)
  region size 1024K, 28 young (28672K), 4 survivors (4096K)
 Metaspace       used 59074K, committed 59648K, reserved 1105920K
  class space    used 7854K, committed 8128K, reserved 1048576K
}
Event: 40.835 GC heap after
{Heap after GC invocations=37 (full 0):
 garbage-first heap   total 119808K, used 74541K [0x0000000080000000, 0x0000000100000000)
  region size 1024K, 4 young (4096K), 4 survivors (4096K)
 Metaspace       used 59074K, committed 59648K, reserved 1105920K
  class space    used 7854K, committed 8128K, reserved 1048576K
}
Event: 58.367 GC heap before
{Heap before GC invocations=38 (full 0):
 garbage-first heap   total 126976K, used 96045K [0x0000000080000000, 0x0000000100000000)
  region size 1024K, 26 young (26624K), 4 survivors (4096K)
 Metaspace       used 62707K, committed 63296K, reserved 1105920K
  class space    used 8340K, committed 8640K, reserved 1048576K
}
Event: 58.545 GC heap after
{Heap after GC invocations=39 (full 0):
 garbage-first heap   total 126976K, used 77180K [0x0000000080000000, 0x0000000100000000)
  region size 1024K, 3 young (3072K), 3 survivors (3072K)
 Metaspace       used 62707K, committed 63296K, reserved 1105920K
  class space    used 8340K, committed 8640K, reserved 1048576K
}
Event: 59.073 GC heap before
{Heap before GC invocations=39 (full 0):
 garbage-first heap   total 126976K, used 86396K [0x0000000080000000, 0x0000000100000000)
  region size 1024K, 13 young (13312K), 3 survivors (3072K)
 Metaspace       used 62926K, committed 63616K, reserved 1105920K
  class space    used 8364K, committed 8704K, reserved 1048576K
}
Event: 59.090 GC heap after
{Heap after GC invocations=40 (full 0):
 garbage-first heap   total 152576K, used 77659K [0x0000000080000000, 0x0000000100000000)
  region size 1024K, 1 young (1024K), 1 survivors (1024K)
 Metaspace       used 62926K, committed 63616K, reserved 1105920K
  class space    used 8364K, committed 8704K, reserved 1048576K
}
Event: 70.561 GC heap before
{Heap before GC invocations=41 (full 0):
 garbage-first heap   total 152576K, used 127835K [0x0000000080000000, 0x0000000100000000)
  region size 1024K, 40 young (40960K), 1 survivors (1024K)
 Metaspace       used 67392K, committed 68096K, reserved 1114112K
  class space    used 8932K, committed 9280K, reserved 1048576K
}
Event: 70.769 GC heap after
{Heap after GC invocations=42 (full 0):
 garbage-first heap   total 152576K, used 93901K [0x0000000080000000, 0x0000000100000000)
  region size 1024K, 5 young (5120K), 5 survivors (5120K)
 Metaspace       used 67392K, committed 68096K, reserved 1114112K
  class space    used 8932K, committed 9280K, reserved 1048576K
}
Event: 71.371 GC heap before
{Heap before GC invocations=42 (full 0):
 garbage-first heap   total 152576K, used 94925K [0x0000000080000000, 0x0000000100000000)
  region size 1024K, 7 young (7168K), 5 survivors (5120K)
 Metaspace       used 67681K, committed 68352K, reserved 1114112K
  class space    used 8976K, committed 9280K, reserved 1048576K
}
Event: 71.393 GC heap after
{Heap after GC invocations=43 (full 0):
 garbage-first heap   total 152576K, used 94183K [0x0000000080000000, 0x0000000100000000)
  region size 1024K, 1 young (1024K), 1 survivors (1024K)
 Metaspace       used 67681K, committed 68352K, reserved 1114112K
  class space    used 8976K, committed 9280K, reserved 1048576K
}
Event: 84.257 GC heap before
{Heap before GC invocations=43 (full 0):
 garbage-first heap   total 152576K, used 122855K [0x0000000080000000, 0x0000000100000000)
  region size 1024K, 30 young (30720K), 1 survivors (1024K)
 Metaspace       used 72022K, committed 72704K, reserved 1114112K
  class space    used 9572K, committed 9920K, reserved 1048576K
}
Event: 84.289 GC heap after
{Heap after GC invocations=44 (full 0):
 garbage-first heap   total 152576K, used 96217K [0x0000000080000000, 0x0000000100000000)
  region size 1024K, 3 young (3072K), 3 survivors (3072K)
 Metaspace       used 72022K, committed 72704K, reserved 1114112K
  class space    used 9572K, committed 9920K, reserved 1048576K
}
Event: 85.304 GC heap before
{Heap before GC invocations=45 (full 0):
 garbage-first heap   total 199680K, used 128985K [0x0000000080000000, 0x0000000100000000)
  region size 1024K, 29 young (29696K), 3 survivors (3072K)
 Metaspace       used 73702K, committed 74368K, reserved 1114112K
  class space    used 9804K, committed 10112K, reserved 1048576K
}
Event: 85.375 GC heap after
{Heap after GC invocations=46 (full 0):
 garbage-first heap   total 199680K, used 99016K [0x0000000080000000, 0x0000000100000000)
  region size 1024K, 4 young (4096K), 4 survivors (4096K)
 Metaspace       used 73702K, committed 74368K, reserved 1114112K
  class space    used 9804K, committed 10112K, reserved 1048576K
}
Event: 85.655 GC heap before
{Heap before GC invocations=46 (full 0):
 garbage-first heap   total 199680K, used 104136K [0x0000000080000000, 0x0000000100000000)
  region size 1024K, 9 young (9216K), 4 survivors (4096K)
 Metaspace       used 74094K, committed 74816K, reserved 1114112K
  class space    used 9856K, committed 10176K, reserved 1048576K
}
Event: 85.676 GC heap after
{Heap after GC invocations=47 (full 0):
 garbage-first heap   total 199680K, used 98989K [0x0000000080000000, 0x0000000100000000)
  region size 1024K, 1 young (1024K), 1 survivors (1024K)
 Metaspace       used 74094K, committed 74816K, reserved 1114112K
  class space    used 9856K, committed 10176K, reserved 1048576K
}
Event: 96.325 GC heap before
{Heap before GC invocations=47 (full 0):
 garbage-first heap   total 199680K, used 141997K [0x0000000080000000, 0x0000000100000000)
  region size 1024K, 43 young (44032K), 1 survivors (1024K)
 Metaspace       used 78538K, committed 79232K, reserved 1122304K
  class space    used 10424K, committed 10752K, reserved 1048576K
}

Dll operation events (2 events):
Event: 0.064 Loaded shared library C:\Program Files\Android\Android Studio\jbr\bin\java.dll
Event: 1.796 Loaded shared library C:\Program Files\Android\Android Studio\jbr\bin\verify.dll

Deoptimization events (20 events):
Event: 93.356 Thread 0x00000204f9e9fe30 DEOPT PACKING pc=0x0000020487e871d4 sp=0x00000068d01f69d0
Event: 93.356 Thread 0x00000204f9e9fe30 DEOPT UNPACKING pc=0x00000204875869a3 sp=0x00000068d01f6990 mode 2
Event: 93.356 Thread 0x00000204f9e9fe30 Uncommon trap: trap_request=0xffffffde fr.pc=0x0000020487e871d4 relative=0x0000000000000c74
Event: 93.356 Thread 0x00000204f9e9fe30 Uncommon trap: reason=class_check action=maybe_recompile pc=0x0000020487e871d4 method=java.util.Hashtable.put(Ljava/lang/Object;Ljava/lang/Object;)Ljava/lang/Object; @ 60 c2
Event: 93.356 Thread 0x00000204f9e9fe30 DEOPT PACKING pc=0x0000020487e871d4 sp=0x00000068d01f69d0
Event: 93.356 Thread 0x00000204f9e9fe30 DEOPT UNPACKING pc=0x00000204875869a3 sp=0x00000068d01f6990 mode 2
Event: 93.427 Thread 0x00000204f9e9fe30 DEOPT PACKING pc=0x00000204805e424e sp=0x00000068d01f69d0
Event: 93.427 Thread 0x00000204f9e9fe30 DEOPT UNPACKING pc=0x0000020487587143 sp=0x00000068d01f5e98 mode 0
Event: 93.524 Thread 0x00000204f9e9fe30 Uncommon trap: trap_request=0xffffff45 fr.pc=0x0000020487b85a9c relative=0x00000000000005fc
Event: 93.524 Thread 0x00000204f9e9fe30 Uncommon trap: reason=unstable_if action=reinterpret pc=0x0000020487b85a9c method=java.lang.String.replace(CC)Ljava/lang/String; @ 2 c2
Event: 93.524 Thread 0x00000204f9e9fe30 DEOPT PACKING pc=0x0000020487b85a9c sp=0x00000068d01f6ab0
Event: 93.524 Thread 0x00000204f9e9fe30 DEOPT UNPACKING pc=0x00000204875869a3 sp=0x00000068d01f6a60 mode 2
Event: 95.485 Thread 0x00000204f9e9fe30 Uncommon trap: trap_request=0xffffffdc fr.pc=0x0000020487ee26a0 relative=0x0000000000000280
Event: 95.485 Thread 0x00000204f9e9fe30 Uncommon trap: reason=class_check action=make_not_entrant pc=0x0000020487ee26a0 method=java.util.ArrayList.toArray([Ljava/lang/Object;)[Ljava/lang/Object; @ 21 c2
Event: 95.485 Thread 0x00000204f9e9fe30 DEOPT PACKING pc=0x0000020487ee26a0 sp=0x00000068d01f7bd0
Event: 95.485 Thread 0x00000204f9e9fe30 DEOPT UNPACKING pc=0x00000204875869a3 sp=0x00000068d01f7ba0 mode 2
Event: 95.714 Thread 0x00000204f9e9fe30 Uncommon trap: trap_request=0xffffff45 fr.pc=0x0000020487c11e08 relative=0x0000000000000ac8
Event: 95.714 Thread 0x00000204f9e9fe30 Uncommon trap: reason=unstable_if action=reinterpret pc=0x0000020487c11e08 method=java.lang.Integer.stringSize(I)I @ 19 c2
Event: 95.715 Thread 0x00000204f9e9fe30 DEOPT PACKING pc=0x0000020487c11e08 sp=0x00000068d01f8000
Event: 95.715 Thread 0x00000204f9e9fe30 DEOPT UNPACKING pc=0x00000204875869a3 sp=0x00000068d01f7f48 mode 2

Classes unloaded (0 events):
No events

Classes redefined (0 events):
No events

Internal exceptions (20 events):
Event: 93.648 Thread 0x00000204f9e9fe30 Exception <a 'java/lang/ClassNotFoundException'{0x000000008acc21e8}: org/gradle/api/AntBuilderBeanInfo> (0x000000008acc21e8) 
thrown [s\src\hotspot\share\classfile\systemDictionary.cpp, line 256]
Event: 93.651 Thread 0x00000204f9e9fe30 Exception <a 'java/lang/ClassNotFoundException'{0x000000008acdb138}: groovy/ant/AntBuilderBeanInfo> (0x000000008acdb138) 
thrown [s\src\hotspot\share\classfile\systemDictionary.cpp, line 256]
Event: 93.684 Thread 0x00000204f9e9fe30 Exception <a 'java/lang/ClassNotFoundException'{0x000000008ab43700}: groovy/util/BuilderSupportBeanInfo> (0x000000008ab43700) 
thrown [s\src\hotspot\share\classfile\systemDictionary.cpp, line 256]
Event: 93.702 Thread 0x00000204f9e9fe30 Exception <a 'java/lang/ClassNotFoundException'{0x000000008abab4e8}: groovy/util/BuilderSupportCustomizer> (0x000000008abab4e8) 
thrown [s\src\hotspot\share\classfile\systemDictionary.cpp, line 256]
Event: 93.709 Thread 0x00000204f9e9fe30 Exception <a 'java/lang/ClassNotFoundException'{0x000000008abc6790}: groovy/ant/AntBuilderCustomizer> (0x000000008abc6790) 
thrown [s\src\hotspot\share\classfile\systemDictionary.cpp, line 256]
Event: 93.712 Thread 0x00000204f9e9fe30 Exception <a 'java/lang/ClassNotFoundException'{0x000000008abe2418}: org/gradle/api/AntBuilderCustomizer> (0x000000008abe2418) 
thrown [s\src\hotspot\share\classfile\systemDictionary.cpp, line 256]
Event: 93.715 Thread 0x00000204f9e9fe30 Exception <a 'java/lang/ClassNotFoundException'{0x000000008aa058d0}: org/gradle/api/internal/project/ant/BasicAntBuilderCustomizer> (0x000000008aa058d0) 
thrown [s\src\hotspot\share\classfile\systemDictionary.cpp, line 256]
Event: 93.718 Thread 0x00000204f9e9fe30 Exception <a 'java/lang/ClassNotFoundException'{0x000000008aa30020}: org/gradle/api/internal/project/DefaultAntBuilderCustomizer> (0x000000008aa30020) 
thrown [s\src\hotspot\share\classfile\systemDictionary.cpp, line 256]
Event: 95.860 Thread 0x00000204f9e9fe30 Exception <a 'java/lang/ClassNotFoundException'{0x000000008a4e0028}: org/gradle/api/plugins/internal/DefaultBasePluginConvention_DecoratedBeanInfo> (0x000000008a4e0028) 
thrown [s\src\hotspot\share\classfile\systemDictionary.cpp, line 256]
Event: 95.860 Thread 0x00000204f9e9fe30 Exception <a 'java/lang/ClassNotFoundException'{0x000000008a4fa0a0}: org/gradle/api/plugins/internal/DefaultBasePluginConventionBeanInfo> (0x000000008a4fa0a0) 
thrown [s\src\hotspot\share\classfile\systemDictionary.cpp, line 256]
Event: 95.862 Thread 0x00000204f9e9fe30 Exception <a 'java/lang/ClassNotFoundException'{0x000000008a314418}: org/gradle/api/plugins/BasePluginConventionBeanInfo> (0x000000008a314418) 
thrown [s\src\hotspot\share\classfile\systemDictionary.cpp, line 256]
Event: 95.864 Thread 0x00000204f9e9fe30 Exception <a 'java/lang/ClassNotFoundException'{0x000000008a32da90}: org/gradle/api/plugins/BasePluginConventionCustomizer> (0x000000008a32da90) 
thrown [s\src\hotspot\share\classfile\systemDictionary.cpp, line 256]
Event: 95.866 Thread 0x00000204f9e9fe30 Exception <a 'java/lang/ClassNotFoundException'{0x000000008a351698}: org/gradle/api/plugins/internal/DefaultBasePluginConventionCustomizer> (0x000000008a351698) 
thrown [s\src\hotspot\share\classfile\systemDictionary.cpp, line 256]
Event: 95.871 Thread 0x00000204f9e9fe30 Exception <a 'java/lang/ClassNotFoundException'{0x000000008a37cf38}: org/gradle/api/plugins/internal/DefaultBasePluginConvention_DecoratedCustomizer> (0x000000008a37cf38) 
thrown [s\src\hotspot\share\classfile\systemDictionary.cpp, line 256]
Event: 95.881 Thread 0x00000204f9e9fe30 Exception <a 'java/lang/ClassNotFoundException'{0x000000008a3ef560}: org/gradle/api/plugins/internal/DefaultJavaPluginConvention_DecoratedBeanInfo> (0x000000008a3ef560) 
thrown [s\src\hotspot\share\classfile\systemDictionary.cpp, line 256]
Event: 95.883 Thread 0x00000204f9e9fe30 Exception <a 'java/lang/ClassNotFoundException'{0x000000008a209b10}: org/gradle/api/plugins/internal/DefaultJavaPluginConventionBeanInfo> (0x000000008a209b10) 
thrown [s\src\hotspot\share\classfile\systemDictionary.cpp, line 256]
Event: 95.885 Thread 0x00000204f9e9fe30 Exception <a 'java/lang/ClassNotFoundException'{0x000000008a2239b8}: org/gradle/api/plugins/JavaPluginConventionBeanInfo> (0x000000008a2239b8) 
thrown [s\src\hotspot\share\classfile\systemDictionary.cpp, line 256]
Event: 95.886 Thread 0x00000204f9e9fe30 Exception <a 'java/lang/ClassNotFoundException'{0x000000008a23d030}: org/gradle/api/plugins/JavaPluginConventionCustomizer> (0x000000008a23d030) 
thrown [s\src\hotspot\share\classfile\systemDictionary.cpp, line 256]
Event: 95.888 Thread 0x00000204f9e9fe30 Exception <a 'java/lang/ClassNotFoundException'{0x000000008a26a8d8}: org/gradle/api/plugins/internal/DefaultJavaPluginConventionCustomizer> (0x000000008a26a8d8) 
thrown [s\src\hotspot\share\classfile\systemDictionary.cpp, line 256]
Event: 95.890 Thread 0x00000204f9e9fe30 Exception <a 'java/lang/ClassNotFoundException'{0x000000008a2aa600}: org/gradle/api/plugins/internal/DefaultJavaPluginConvention_DecoratedCustomizer> (0x000000008a2aa600) 
thrown [s\src\hotspot\share\classfile\systemDictionary.cpp, line 256]

VM Operations (20 events):
Event: 84.989 Executing VM operation: G1Concurrent done
Event: 85.304 Executing VM operation: G1CollectForAllocation
Event: 85.377 Executing VM operation: G1CollectForAllocation done
Event: 85.655 Executing VM operation: G1CollectForAllocation
Event: 85.676 Executing VM operation: G1CollectForAllocation done
Event: 85.938 Executing VM operation: HandshakeAllThreads
Event: 85.939 Executing VM operation: HandshakeAllThreads done
Event: 86.932 Executing VM operation: Cleanup
Event: 86.953 Executing VM operation: Cleanup done
Event: 87.961 Executing VM operation: Cleanup
Event: 88.183 Executing VM operation: Cleanup done
Event: 89.304 Executing VM operation: Cleanup
Event: 89.304 Executing VM operation: Cleanup done
Event: 93.376 Executing VM operation: Cleanup
Event: 93.393 Executing VM operation: Cleanup done
Event: 94.578 Executing VM operation: Cleanup
Event: 95.056 Executing VM operation: Cleanup done
Event: 95.850 Executing VM operation: HandshakeAllThreads
Event: 95.850 Executing VM operation: HandshakeAllThreads done
Event: 96.325 Executing VM operation: G1CollectForAllocation

Events (20 events):
Event: 92.530 loading class java/util/Stack
Event: 92.560 loading class java/util/Stack done
Event: 93.080 loading class org/xml/sax/ContentHandler
Event: 93.085 loading class org/xml/sax/ContentHandler done
Event: 93.133 loading class org/xml/sax/EntityResolver
Event: 93.135 loading class org/xml/sax/EntityResolver done
Event: 93.135 loading class org/xml/sax/DTDHandler
Event: 93.136 loading class org/xml/sax/DTDHandler done
Event: 93.331 loading class java/util/Spliterators$IntArraySpliterator
Event: 93.335 loading class java/util/Spliterators$IntArraySpliterator done
Event: 93.349 loading class java/text/ParsePosition
Event: 93.354 loading class java/text/ParsePosition done
Event: 93.409 loading class java/text/CharacterIterator
Event: 93.409 loading class java/text/CharacterIterator done
Event: 95.167 loading class java/time/format/DateTimeFormatterBuilder$WeekBasedFieldPrinterParser
Event: 95.168 loading class java/time/format/DateTimeFormatterBuilder$WeekBasedFieldPrinterParser done
Event: 95.474 loading class com/sun/jmx/mbeanserver/StandardMBeanSupport
Event: 95.476 loading class com/sun/jmx/mbeanserver/StandardMBeanSupport done
Event: 95.476 loading class com/sun/jmx/mbeanserver/StandardMBeanIntrospector
Event: 95.478 loading class com/sun/jmx/mbeanserver/StandardMBeanIntrospector done


Dynamic libraries:
0x00007ff75aee0000 - 0x00007ff75aeea000 	C:\Program Files\Android\Android Studio\jbr\bin\java.exe
0x00007ffb489c0000 - 0x00007ffb48bb0000 	C:\windows\SYSTEM32\ntdll.dll
0x00007ffb48610000 - 0x00007ffb486c2000 	C:\windows\System32\KERNEL32.DLL
0x00007ffb45930000 - 0x00007ffb45bd5000 	C:\windows\System32\KERNELBASE.dll
0x00007ffb45f00000 - 0x00007ffb45ffa000 	C:\windows\System32\ucrtbase.dll
0x00007ffb2d540000 - 0x00007ffb2d55b000 	C:\Program Files\Android\Android Studio\jbr\bin\VCRUNTIME140.dll
0x00007ffb255c0000 - 0x00007ffb255d7000 	C:\Program Files\Android\Android Studio\jbr\bin\jli.dll
0x00007ffb46da0000 - 0x00007ffb46f34000 	C:\windows\System32\USER32.dll
0x00007ffb45ed0000 - 0x00007ffb45ef1000 	C:\windows\System32\win32u.dll
0x00007ffb31440000 - 0x00007ffb316c4000 	C:\windows\WinSxS\amd64_microsoft.windows.common-controls_6595b64144ccf1df_6.0.18362.1556_none_9e7e372fe45e41d5\COMCTL32.dll
0x00007ffb487f0000 - 0x00007ffb48816000 	C:\windows\System32\GDI32.dll
0x00007ffb47270000 - 0x00007ffb4730e000 	C:\windows\System32\msvcrt.dll
0x00007ffb45c80000 - 0x00007ffb45e18000 	C:\windows\System32\gdi32full.dll
0x00007ffb47770000 - 0x00007ffb47aa6000 	C:\windows\System32\combase.dll
0x00007ffb46a70000 - 0x00007ffb46b8f000 	C:\windows\System32\RPCRT4.dll
0x00007ffb45be0000 - 0x00007ffb45c7e000 	C:\windows\System32\msvcp_win.dll
0x00007ffb46900000 - 0x00007ffb46981000 	C:\windows\System32\bcryptPrimitives.dll
0x00007ffb47380000 - 0x00007ffb473ae000 	C:\windows\System32\IMM32.DLL
0x00007ffb2ecd0000 - 0x00007ffb2ecdc000 	C:\Program Files\Android\Android Studio\jbr\bin\vcruntime140_1.dll
0x00007ffb2cf60000 - 0x00007ffb2cfed000 	C:\Program Files\Android\Android Studio\jbr\bin\msvcp140.dll
0x00007ffabfab0000 - 0x00007ffac071e000 	C:\Program Files\Android\Android Studio\jbr\bin\server\jvm.dll
0x00007ffb486d0000 - 0x00007ffb48773000 	C:\windows\System32\ADVAPI32.dll
0x00007ffb46f40000 - 0x00007ffb46fd7000 	C:\windows\System32\sechost.dll
0x00007ffb43490000 - 0x00007ffb434b4000 	C:\windows\SYSTEM32\WINMM.dll
0x00007ffb3e610000 - 0x00007ffb3e61a000 	C:\windows\SYSTEM32\VERSION.dll
0x00007ffb43460000 - 0x00007ffb4348d000 	C:\windows\SYSTEM32\WINMMBASE.dll
0x00007ffb46990000 - 0x00007ffb469da000 	C:\windows\System32\cfgmgr32.dll
0x00007ffb307e0000 - 0x00007ffb307e9000 	C:\windows\SYSTEM32\WSOCK32.dll
0x00007ffb47310000 - 0x00007ffb4737f000 	C:\windows\System32\ws2_32.DLL
0x00007ffb458c0000 - 0x00007ffb458d1000 	C:\windows\System32\kernel.appcore.dll
0x00007ffb307d0000 - 0x00007ffb307da000 	C:\Program Files\Android\Android Studio\jbr\bin\jimage.dll
0x00007ffb44230000 - 0x00007ffb44424000 	C:\windows\SYSTEM32\DBGHELP.DLL
0x00007ffb2b380000 - 0x00007ffb2b3aa000 	C:\windows\SYSTEM32\dbgcore.DLL
0x00007ffb29050000 - 0x00007ffb29075000 	C:\Program Files\Android\Android Studio\jbr\bin\java.dll
0x00007ffb2ff20000 - 0x00007ffb2ff38000 	C:\Program Files\Android\Android Studio\jbr\bin\zip.dll
0x00007ffb47f20000 - 0x00007ffb48607000 	C:\windows\System32\SHELL32.dll
0x00007ffb488d0000 - 0x00007ffb48978000 	C:\windows\System32\shcore.dll
0x00007ffb46000000 - 0x00007ffb4677b000 	C:\windows\System32\windows.storage.dll
0x00007ffb458a0000 - 0x00007ffb458be000 	C:\windows\System32\profapi.dll
0x00007ffb458e0000 - 0x00007ffb4592a000 	C:\windows\System32\powrprof.dll
0x00007ffb45870000 - 0x00007ffb45880000 	C:\windows\System32\UMPDC.dll
0x00007ffb48790000 - 0x00007ffb487e2000 	C:\windows\System32\shlwapi.dll
0x00007ffb46780000 - 0x00007ffb46797000 	C:\windows\System32\cryptsp.dll
0x00007ffb2a6e0000 - 0x00007ffb2a6f9000 	C:\Program Files\Android\Android Studio\jbr\bin\net.dll
0x00007ffb31e00000 - 0x00007ffb31efa000 	C:\windows\SYSTEM32\WINHTTP.dll
0x00007ffb45050000 - 0x00007ffb450b7000 	C:\windows\system32\mswsock.dll
0x00007ffb28c50000 - 0x00007ffb28c66000 	C:\Program Files\Android\Android Studio\jbr\bin\nio.dll
0x00007ffb2bbd0000 - 0x00007ffb2bbe0000 	C:\Program Files\Android\Android Studio\jbr\bin\verify.dll
0x00007ffb3de00000 - 0x00007ffb3de27000 	C:\Users\HP\.gradle\native\68d5fa5c4cc2d200863cafc0d521ce42e7d3e7ee720ec0a83991735586a16f82\windows-amd64\native-platform.dll
0x00007ffb2ce10000 - 0x00007ffb2cf54000 	C:\Users\HP\.gradle\native\e376f236ea51e6404a007f0833ffe2c6e607c4080706a723a18a27aeea778392\windows-amd64\native-platform-file-events.dll
0x00007ffb2b400000 - 0x00007ffb2b409000 	C:\Program Files\Android\Android Studio\jbr\bin\management.dll
0x00007ffb29170000 - 0x00007ffb2917b000 	C:\Program Files\Android\Android Studio\jbr\bin\management_ext.dll
0x00007ffb473b0000 - 0x00007ffb473b8000 	C:\windows\System32\PSAPI.DLL
0x00007ffb44bd0000 - 0x00007ffb44c03000 	C:\windows\system32\rsaenh.dll
0x00007ffb46a40000 - 0x00007ffb46a66000 	C:\windows\System32\bcrypt.dll
0x00007ffb45790000 - 0x00007ffb457b5000 	C:\windows\SYSTEM32\USERENV.dll
0x00007ffb45220000 - 0x00007ffb4522c000 	C:\windows\SYSTEM32\CRYPTBASE.dll
0x00007ffb44d60000 - 0x00007ffb44d9a000 	C:\windows\SYSTEM32\IPHLPAPI.DLL
0x00007ffb488c0000 - 0x00007ffb488c8000 	C:\windows\System32\NSI.dll
0x00007ffb44160000 - 0x00007ffb44176000 	C:\windows\SYSTEM32\dhcpcsvc6.DLL
0x00007ffb44140000 - 0x00007ffb4415c000 	C:\windows\SYSTEM32\dhcpcsvc.DLL
0x00007ffb44da0000 - 0x00007ffb44e6b000 	C:\windows\SYSTEM32\DNSAPI.dll
0x00007ffb40070000 - 0x00007ffb40077000 	C:\windows\system32\wshunix.dll
0x00007ffb31de0000 - 0x00007ffb31dea000 	C:\Windows\System32\rasadhlp.dll
0x00007ffb437a0000 - 0x00007ffb43817000 	C:\windows\System32\fwpuclnt.dll

dbghelp: loaded successfully - version: 4.0.5 - missing functions: none
symbol engine: initialized successfully - sym options: 0x614 - pdb path: .;C:\Program Files\Android\Android Studio\jbr\bin;C:\windows\SYSTEM32;C:\windows\WinSxS\amd64_microsoft.windows.common-controls_6595b64144ccf1df_6.0.18362.1556_none_9e7e372fe45e41d5;C:\Program Files\Android\Android Studio\jbr\bin\server;C:\Users\HP\.gradle\native\68d5fa5c4cc2d200863cafc0d521ce42e7d3e7ee720ec0a83991735586a16f82\windows-amd64;C:\Users\HP\.gradle\native\e376f236ea51e6404a007f0833ffe2c6e607c4080706a723a18a27aeea778392\windows-amd64

VM Arguments:
jvm_args: --add-opens=java.base/java.util=ALL-UNNAMED --add-opens=java.base/java.lang=ALL-UNNAMED --add-opens=java.base/java.lang.invoke=ALL-UNNAMED --add-opens=java.prefs/java.util.prefs=ALL-UNNAMED --add-opens=java.base/java.nio.charset=ALL-UNNAMED --add-opens=java.base/java.net=ALL-UNNAMED --add-opens=java.base/java.util.concurrent.atomic=ALL-UNNAMED -Xmx2048m -Dfile.encoding=UTF-8 -Duser.country=US -Duser.language=en -Duser.variant 
java_command: org.gradle.launcher.daemon.bootstrap.GradleDaemon 8.0
java_class_path (initial): C:\Users\HP\.gradle\wrapper\dists\gradle-8.0-bin\ca5e32bp14vu59qr306oxotwh\gradle-8.0\lib\gradle-launcher-8.0.jar
Launcher Type: SUN_STANDARD

[Global flags]
     intx CICompilerCount                          = 2                                         {product} {ergonomic}
     uint ConcGCThreads                            = 1                                         {product} {ergonomic}
     uint G1ConcRefinementThreads                  = 2                                         {product} {ergonomic}
   size_t G1HeapRegionSize                         = 1048576                                   {product} {ergonomic}
    uintx GCDrainStackTargetSize                   = 64                                        {product} {ergonomic}
   size_t InitialHeapSize                          = 58720256                                  {product} {ergonomic}
   size_t MarkStackSize                            = 4194304                                   {product} {ergonomic}
   size_t MaxHeapSize                              = 2147483648                                {product} {command line}
   size_t MaxNewSize                               = 1287651328                                {product} {ergonomic}
   size_t MinHeapDeltaBytes                        = 1048576                                   {product} {ergonomic}
   size_t MinHeapSize                              = 8388608                                   {product} {ergonomic}
    uintx NonNMethodCodeHeapSize                   = 5826188                                {pd product} {ergonomic}
    uintx NonProfiledCodeHeapSize                  = 122916026                              {pd product} {ergonomic}
    uintx ProfiledCodeHeapSize                     = 122916026                              {pd product} {ergonomic}
    uintx ReservedCodeCacheSize                    = 251658240                              {pd product} {ergonomic}
     bool SegmentedCodeCache                       = true                                      {product} {ergonomic}
   size_t SoftMaxHeapSize                          = 2147483648                             {manageable} {ergonomic}
     bool UseCompressedClassPointers               = true                           {product lp64_product} {ergonomic}
     bool UseCompressedOops                        = true                           {product lp64_product} {ergonomic}
     bool UseG1GC                                  = true                                      {product} {ergonomic}
     bool UseLargePagesIndividualAllocation        = false                                  {pd product} {ergonomic}

Logging:
Log output configuration:
 #0: stdout all=warning uptime,level,tags
 #1: stderr all=off uptime,level,tags

Environment Variables:
PATH=F:\Installasi\RSCommon;C:\Python310\Scripts\;C:\Python310\;C:\Program Files (x86)\Common Files\Intel\Shared Files\cpp\bin\Intel64;C:\Program Files\Common Files\Oracle\Java\javapath;C:\Program Files (x86)\Common Files\Oracle\Java\javapath;C:\windows\system32;C:\windows;C:\windows\System32\Wbem;C:\windows\System32\WindowsPowerShell\v1.0\;C:\windows\System32\OpenSSH\;C:\Program Files\Java\jdk-16.0.2\bin;C:\Program Files\Git\cmd;C:\xampp\mysql\bin;C:\Program Files\nodejs\;C:\ProgramData\chocolatey\bin;C:\xampp\php;C:\ProgramData\ComposerSetup\bin;C:\Users\HP\AppData\Local\Microsoft\WindowsApps;C:\Users\HP\AppData\Local\Programs\Microsoft VS Code\bin;C:\Users\HP\AppData\Roaming\npm;C:\Users\HP\dev\SDKs\flutter\bin;C:\Users\HP\AppData\Roaming\Composer\vendor\bin
USERNAME=HP
OS=Windows_NT
PROCESSOR_IDENTIFIER=AMD64 Family 23 Model 24 Stepping 1, AuthenticAMD
TMP=C:\Users\HP\AppData\Local\Temp
TEMP=C:\Users\HP\AppData\Local\Temp


JNI global refs:
JNI global refs: 24, weak refs: 0

JNI global refs memory usage: 843, weak refs: 841


---------------  S Y S T E M  ---------------

OS:
 Windows 10 , 64 bit Build 18362 (10.0.18362.1500)
OS uptime: 0 days 1:30 hours

CPU: total 2 (initial active 2) (2 cores per cpu, 1 threads per core) family 23 model 24 stepping 1 microcode 0x0, cx8, cmov, fxsr, mmx, 3dnowpref, sse, sse2, sse3, ssse3, sse4a, sse4.1, sse4.2, popcnt, lzcnt, tsc, tscinvbit, avx, avx2, aes, clmul, bmi1, bmi2, adx, sha, fma, vzeroupper, clflush, clflushopt

Memory: 4k page, system-wide physical 3500M (200M free)
TotalPageFile size 9548M (AvailPageFile size 40M)
current process WorkingSet (physical memory assigned to process): 160M, peak: 214M
current process commit charge ("private bytes"): 421M, peak: 579M

vm_info: OpenJDK 64-Bit Server VM (17.0.6+0-b2043.56-10027231) for windows-amd64 JRE (17.0.6+0-b2043.56-10027231), built on Apr 28 2023 00:43:19 by "androidbuild" with MS VC++ 16.10 / 16.11 (VS2019)

END.
